znspace "VISTA"

VISTA>K ^XUTL("XQ",$J)
K ^XUTL("XQ",$J)

VISTA>D ^XINDEXD ^XINDEX


                   V. A.  C R O S S  R E F E R E N C E R  7.3
                       [2008 VA Standards & Conventions]
                 UCI: VISTA CPU: VISTA    Jul 24, 2014@00:57:41

All Routines? No => NONO

Routine: VPSRPC1VPSRPC1
Routine: VPSRPC2VPSRPC2
Routine: VPSRPC21VPSRPC21
Routine: VPSRPC3VPSRPC3
Routine: VPSRPC4VPSRPC4
Routine: VPSRPC5VPSRPC5
Routine: 
6 routines

Select BUILD NAME: 
Select INSTALL NAME: 
Select PACKAGE NAME: 

Print more than compiled errors and warnings? YES//YESYES

Print summary only? NO//NONO

Print routines? YES//NONO

Print errors and warnings with each routine? YES//YESYES

Index all called routines? NO//NONO

This report could take some time, Remember to QUEUE the report.

DEVICE: ;132;99999;132;99999  TELNET


                                             V. A.  C R O S S  R E F E R E N C E R  7.3
                                                 [2008 VA Standards & Conventions]
                                           UCI: VISTA CPU: VISTA    Jul 24, 2014@00:57:41
Routines: 6  Faux Routines: 0

VPSRPC1   VPSRPC2   VPSRPC21  VPSRPC3   VPSRPC4   VPSRPC5   

--- CROSS REFERENCING ---

   Press return to continue:[H[J[2J[H
Compiled list of Errors and Warnings                                                                  Jul 24, 2014@00:57:41 page 1
No errors or warnings to report


--- Routine Detail ---

*****   INDEX OF VPSRPC1   *****


Local Variables      Line Occurrences   ( >> not killed explicitly)
                                        ( * Changed  ! Killed  ~ Newed)
   ACTION       GETPAT+11~,SENLOG+7*
   CLNAM        GETCLN~,GETCLN+12,GETCLN+13
   CM           GETDATA2+11~*,GETDATA2+16
   CNT          GETCLN+10~,GETCLN+11*,GETCLN+21,GETDATA+11~*,GETPAT+12~*,WR+1*,WR+2
   DFN          GETDATA+16~*,GETDATA+17,GETDATA+18,GETDATA2+12~,GETDATA2+21*,GETDATA2+23,GETDATA2+24,GETDATA2+26*,GETDATA2+27
                GETDATA2+29,GETPAT~,GETPAT+6,GETPAT+15,GETPAT+16,GETPAT+17,DEM+2,DEM+3,DEM+4,DEM+5,DEM+6,DEM+7,DEM+11,DEM+15
                SENLOG+2,SENLOG+7
                SENLOG+9,WRSEN+1,ELIG+2,ELIG+3,ELIG+4,ELIG+5,ELIG+6,ENR+1,ENR+3,SETPERM+1,SETPERM+2,SETPERM+3,SETPERM+4,SETPERM+5
                SETPERM+6,SETPERM+7,SETPERM+8,SETPERM+9,SETPERM+10,SETPERM+11,SETPERM+12,SETPERM+13,SETPERM+14,SETPERM+15
                SETPERM+16
                SETPERM+17,SETPERM+18,SETPERM+19,SETPERM+20,SETPERM+21,SETMP+1,SETMP+2,SETMP+3,SETMP+4,SETMP+5,SETMP+6,SETMP+7
                SETMP+8,SETMP+9,SETMP+10,SETMP+11,SETMP+12,SETMP+13,SETMP+14,SETMP+15,OAD+2,OAD+3,OAD+4,OAD+5,OAD+6,OAD+7,OAD+8
                OAD+9,OAD+10
                OAD+11,OAD+12,OAD+15,OAD+16,OAD+17,OAD+18,OAD+19,OAD+20,OAD+21,OAD+22,OAD+23,OAD+24,OAD+25,OAD+28,OAD+29,OAD+30
                OAD+31,OAD+32,OAD+33,OAD+34,OAD+35,OAD+36,OAD+37,OAD+38,OAD+41,OAD+42,OAD+43,OAD+44,OAD+45,OAD+46,OAD+47,OAD+48
                OAD+49
                OAD+50,OAD+51,OAD+54,OAD+55,OAD+57,OAD+58,OAD+59,OAD+62,OAD+63,OAD+64,OAD+65,OAD+66,OAD+67,IBB+2,IBB2+2,APT+4,SD20
                SD30+1,SD30+2,SD30+3,REC+2,REC+10,REC+12,STNARR+3,DGS+2,DGS+3,BAL+1
   DGMSG        GETPAT+11~,SENLOG+1*,SENLOG+2
   DGOPT        GETPAT+11~,SENLOG+1*,SENLOG+2,SENLOG+7
   DGRES        GETPAT+11~,SENLOG+1!,SENLOG+2,SENLOG+7
   DGRES(1      SENLOG+3,SENLOG+4,SENLOG+6,SENLOG+10,SENLOG+12
   ER           GETDATA2+12~*,GETDATA2+24*,GETDATA2+27*,GETDATA2+29,GETDATA2+30
   I            GETPAT+8~,DEM+9*,DEM+10*,DEM+11,DEM+13*,DEM+14*,DEM+15,IBB+4*,IBB2+1*,IBB2+2,IBB2+4,IBB2+7,IBB2+10,IBB2+13,IBB2+16
   ICN          GETPAT+8~,GETPAT+16*,GETPAT+17,BAL+1
   NARRCNT      STNARR+1~*,STNARR+2*,STNARR+3
   NPRF         REC+1~,REC+2*,REC+4
   PRF          REC+1~,REC+4*,REC+6,REC+7,REC+12,REC+13,STNARR~,STNARR+2,STNARR+3
   PRFFIL       REC+1~,REC+9*,REC+10
   PRFLAG       REC+1~,REC+7*,REC+8,REC+9
   SSN          GETDATA~,GETDATA+13,GETDATA+14,GETDATA+15,GETDATA+17
   TMP          GETPAT+8~,DGS+2*,DGS+3
   TODAY        GETPAT+13~*,ADD+3,ADD+4,APT+2
   U            GETDATA+13,GETDATA+15,GETDATA+17,GETPAT+6,DEM+3,DEM+4,DEM+5,DEM+6,DEM+7,DEM+10,DEM+14,SENLOG+1,ELIG+4,ELIG+5,ELIG+6
                ADD+2,ADD+4,SETPERM+5,SETPERM+6,SETPERM+8,SETPERM+9,SETMP+5,SETMP+6,SETMP+8,SETMP+9,SETMP+10,SETMP+11,OAD+6,OAD+7
                OAD+19
                OAD+20,OAD+32,OAD+33,OAD+45,OAD+46,OAD+57,IBB2+5,SD30+7,SD30+18,SD30+21,SD30+23,SD30+25,SD30+27,SD30+29,SD30+31
                REC+6,REC+7,REC+12,SET+3
   VACNTRY      GETPAT+10~
   VADM         GETPAT+10~,DEM+1!
   VADM(1       DEM+2
   VADM(10      DEM+7
   VADM(11      DEM+8,DEM+10
   VADM(12      DEM+12,DEM+14
   VADM(2       DEM+3
   VADM(3       DEM+4
   VADM(5       DEM+5
   VADM(9       DEM+6
   VAEL         GETPAT+10~,ELIG+1!
   VAEL(5       ELIG+4
   VAEL(8       ELIG+5
   VAEL(9       ELIG+6
   VAERR        GETPAT+10~
   VAOA         GETPAT+10~,OAD+1!,OAD+14!,OAD+27!,OAD+40!,OAD+53!,OAD+61!
   VAOA("A"     OAD+1*,OAD+14*,OAD+27*,OAD+40*,OAD+53*,OAD+61*
   VAOA(1       OAD+2,OAD+15,OAD+28,OAD+41
   VAOA(10      OAD+10,OAD+23,OAD+36,OAD+49
   VAOA(11      OAD+7,OAD+20,OAD+33,OAD+46
   VAOA(2       OAD+3,OAD+16,OAD+29,OAD+42
   VAOA(3       OAD+4,OAD+17,OAD+30,OAD+43
   VAOA(4       OAD+5,OAD+18,OAD+31,OAD+44
   VAOA(5       OAD+6,OAD+19,OAD+32,OAD+45
   VAOA(8       OAD+8,OAD+21,OAD+34,OAD+47,OAD+54,OAD+62
   VAOA(9       OAD+9,OAD+22,OAD+35,OAD+48,OAD+55,OAD+63
   VAPA         GETPAT+10~,ADD+1!,SETMP+16!
   VAPA("P"     SETMP+16*
   VAPA(1       SETPERM+1,SETMP+1
   VAPA(10      ADD+4,SETMP+9
   VAPA(11      SETPERM+8,SETMP+10
   VAPA(2       SETPERM+2,SETMP+2
   VAPA(25      SETPERM+9,SETMP+11
   VAPA(3       SETPERM+3,SETMP+3
   VAPA(4       SETPERM+4,SETMP+4
   VAPA(5       SETPERM+5,SETMP+5
   VAPA(7       SETPERM+6,SETMP+6
   VAPA(8       SETPERM+7,SETMP+7
   VAPA(9       ADD+2,SETMP+8
   VAPD         GETPAT+10~,OAD+56!
   VAPD(7       OAD+57
   VPSAPT       GETPAT+8~,SD30+2*,SD30+7,SD30+18,SD30+21,SD30+23,SD30+25,SD30+27,SD30+29,SD30+31
   VPSARR       GETCLN~,GETCLN+11!,GETDATA~,GETDATA+9!,GETDATA+18,GETDATA2~,GETDATA2+10!,GETDATA2+18,GETDATA2+29,GETPAT~
   VPSARR(      WR+2*
   VPSARR(1     GETDATA2+14*,GETDATA2+15*,GETDATA2+16*,GETDATA2+30*,GETPAT+6*
   VPSCL        GETPAT+8~,SD10*,SD20*,SD30+1,SD30+2,SD30+3
   VPSCLN       GETCLN+10~,GETCLN+16*,GETCLN+17,GETCLN+18,GETCLN+20,GETPAT+8~,SD30+7*,SD30+8,SD30+12
   VPSCNAM      GETCLN+10~,GETCLN+14*,GETCLN+15*,GETCLN+16,GETCLN+19,GETPAT+8~,SD30+7*,SD30+10
   VPSDA        GETPAT+8~,SET~,SET+3
   VPSDS        GETPAT+9~,SET~,SET+2*,SET+3
   VPSDT        GETPAT+9~,SD20+1*,SD30+1*,SD30+2,SD30+3
   VPSFL        GETCLN+10~,GETCLN+14*,GETCLN+18,GETCLN+19,GETCLN+20,GETPAT+9~,DEM+9*,DEM+11,DEM+13*,DEM+15,IBB2+2*,IBB2+8,IBB2+11
                IBB2+14,IBB2+17,SD30+9*,SD30+10,SD30+12,SD30+13,SD30+17*,SD30+19,SD30+21,SD30+25,SD30+27,SD30+29,SD30+31,DGS+1*
                DGS+2
                DGS+3,SET~,SET+2,SET+3
   VPSFLD       GETPAT+9~,SET~,SET+2,SET+3
   VPSFR        GETPAT+9~,APT+2*
   VPSIBB       GETPAT+9~,IBB+1!,IBB+2
   VPSIBB("IBBAPI" 
                IBB2+1,IBB2+4,IBB2+7,IBB2+10,IBB2+13,IBB2+16
   VPSIBFLD     GETPAT+9~,IBB+1*,IBB+2
   VPSICN       GETPAT+9~,GETPAT+16*
   VPSIEN       GETCLN+10~,GETCLN+17*,GETCLN+18,GETCLN+19,GETCLN+20,GETPAT+9~,DEM+11*,DEM+15*,IBB2+2*,IBB2+5,IBB2+8,IBB2+11,IBB2+14
                IBB2+17,SD10*,SD30+3*,SD30+8,SD30+10,SD30+13,SD30+19,SD30+21,SD30+23,SD30+25,SD30+27,SD30+29,SD30+31,SET~,SET+3
   VPSNUM       GETDATA2~,GETDATA2+14,GETDATA2+18,GETDATA2+21,GETDATA2+23,GETDATA2+26
   VPSOUT       GETPAT+9~,SET+1!
   VPSOUT("LABEL" 
                SET+2
   VPSREC       GETPAT+10~
   VPSREC(      REC+6,REC+7,REC+12,STNARR+2,STNARR+3
   VPSSD        GETPAT+10~,APT+1!,APT+6
   VPSSD("FLDS" APT+5*
   VPSSD(1      APT+2*
   VPSSD(3      APT+3*
   VPSSD(4      APT+4*
>> VPSSSN       GETDATA+14*,GETDATA+15,GETDATA+16
   VPSTO        GETPAT+10~,APT+2*
   VPSTYP       GETDATA2~,GETDATA2+15,GETDATA2+16,GETDATA2+18,GETDATA2+20,GETDATA2+22,GETDATA2+25
   VPSUPNAM     GETCLN+10~,GETCLN+13*,GETCLN+15
   X            GETCLN+10~,GETCLN+12*,GETCLN+18*,GETCLN+19*,GETCLN+20*,GETCLN+21*,GETDATA+10~,GETDATA+13*,GETDATA+15*,GETDATA+17*
                GETPAT+8~,GETPAT+15*,GETPAT+17*,DEM+2*,DEM+3*,DEM+4*,DEM+5*,DEM+6*,DEM+7*,DEM+11*,DEM+15*,SENLOG+9*,WRSEN+1*
                ELIG+3*
                ELIG+4*,ELIG+5*,ELIG+6*,ENR+1*,ENR+2,ENR+3*,SETPERM+1*,SETPERM+2*,SETPERM+3*,SETPERM+4*,SETPERM+5*,SETPERM+6*
                SETPERM+7*,SETPERM+8*,SETPERM+9*,SETPERM+11*,SETPERM+13*,SETPERM+15*,SETPERM+17*,SETPERM+19*,SETPERM+21*,SETMP+1*
                SETMP+2*
                SETMP+3*,SETMP+4*,SETMP+5*,SETMP+6*,SETMP+7*,SETMP+8*,SETMP+9*,SETMP+10*,SETMP+11*,SETMP+13*,SETMP+15*,OAD+2*
                OAD+3*,OAD+4*,OAD+5*,OAD+6*,OAD+7*,OAD+8*,OAD+9*,OAD+10*,OAD+12*,OAD+15*,OAD+16*,OAD+17*,OAD+18*,OAD+19*,OAD+20*
                OAD+21*
                OAD+22*,OAD+23*,OAD+25*,OAD+28*,OAD+29*,OAD+30*,OAD+31*,OAD+32*,OAD+33*,OAD+34*,OAD+35*,OAD+36*,OAD+38*,OAD+41*
                OAD+42*,OAD+43*,OAD+44*,OAD+45*,OAD+46*,OAD+47*,OAD+48*,OAD+49*,OAD+51*,OAD+54*,OAD+55*,OAD+57*,OAD+59*,OAD+62*
                OAD+63*
                OAD+65*,OAD+67*,IBB2+5*,IBB2+8*,IBB2+11*,IBB2+14*,IBB2+17*,SD30+8*,SD30+10*,SD30+13*,SD30+19*,SD30+21*,SD30+23*
                SD30+25*,SD30+27*,SD30+29*,SD30+31*,REC+10*,REC+12*,STNARR+3*,DGS+3*,BAL+1*,SET+1*,SET+3*,SET+4,WR+2
   Y            GETCLN+10~,GETCLN+20*,GETPAT+8~,DEM+3*,DEM+4*,DEM+5*,DEM+6*,DEM+7*,DEM+10*,DEM+11,DEM+14*,DEM+15,SENLOG+3*
                SENLOG+5*,SENLOG+8*,SENLOG+9,SENLOG+11*,SENLOG+13*,SENLOG+14*,WRSEN+1,ELIG+2*,ELIG+3,ELIG+4*,ELIG+5*,ELIG+6*,ENR+2*
                ENR+3,ADD+2*
                ADD+3,ADD+4*,SETPERM+1*,SETPERM+2*,SETPERM+3*,SETPERM+4*,SETPERM+5*,SETPERM+6*,SETPERM+7*,SETPERM+8*,SETPERM+9*
                SETPERM+10*,SETPERM+11,SETPERM+12*,SETPERM+13,SETPERM+14*,SETPERM+15,SETPERM+16*,SETPERM+17,SETPERM+18*,SETPERM+19
                SETPERM+20*
                SETPERM+21,SETMP+1*,SETMP+2*,SETMP+3*,SETMP+4*,SETMP+5*,SETMP+6*,SETMP+7*,SETMP+8*,SETMP+9*,SETMP+10*,SETMP+11*
                SETMP+12*,SETMP+13,SETMP+14*,SETMP+15,OAD+2*,OAD+3*,OAD+4*,OAD+5*,OAD+6*,OAD+7*,OAD+8*,OAD+9*,OAD+10*,OAD+11*
                OAD+12,OAD+15*
                OAD+16*,OAD+17*,OAD+18*,OAD+19*,OAD+20*,OAD+21*,OAD+22*,OAD+23*,OAD+24*,OAD+25,OAD+28*,OAD+29*,OAD+30*,OAD+31*
                OAD+32*,OAD+33*,OAD+34*,OAD+35*,OAD+36*,OAD+37*,OAD+38,OAD+41*,OAD+42*,OAD+43*,OAD+44*,OAD+45*,OAD+46*,OAD+47*
                OAD+48*,OAD+49*
                OAD+50*,OAD+51,OAD+54*,OAD+55*,OAD+57*,OAD+58*,OAD+59,OAD+62*,OAD+63*,OAD+64*,OAD+65,OAD+66*,OAD+67,IBB+2*,IBB+3
                IBB+4*,IBB2+4*,IBB2+5*,IBB2+7*,IBB2+8,IBB2+10*,IBB2+11,IBB2+13*,IBB2+14,IBB2+16*,IBB2+17,APT+1*,APT+6*,APT+7
                SD30+7*,SD30+12*
                SD30+13,SD30+18*,SD30+19,SD30+21*,SD30+23*,SD30+25*,SD30+27*,SD30+29*,SD30+31*,REC+6*,REC+8,REC+10,REC+12*
                STNARR+3*,DGS+2*,BAL+1

Global Variables  ( * Changed  ! Killed)
   ^DGEN(27.11         ENR+1
   ^DGS(               DGS+2
   ^DPT(               GETPAT+6
   ^DPT("SSN"          GETDATA+16
   ^SC("B"             GETCLN+15,GETCLN+16
   ^TMP($J             GETPAT+19!,SD20,SD30+1,SD30+2

Naked Globals
   NONE

Cache Objects
   NONE

Marked Items
   NONE

Label References
   $$SET        GETCLN+18,GETCLN+19,GETCLN+20,GETPAT+15,GETPAT+17,DEM+2,DEM+3,DEM+4,DEM+5,DEM+6,DEM+7,DEM+11,DEM+15,SENLOG+9
                WRSEN+1,ELIG+3,ELIG+4,ELIG+5,ELIG+6,ENR+3,SETPERM+1,SETPERM+2,SETPERM+3,SETPERM+4,SETPERM+5,SETPERM+6,SETPERM+7
                SETPERM+8
                SETPERM+9,SETPERM+11,SETPERM+13,SETPERM+15,SETPERM+17,SETPERM+19,SETPERM+21,SETMP+1,SETMP+2,SETMP+3,SETMP+4,SETMP+5
                SETMP+6,SETMP+7,SETMP+8,SETMP+9,SETMP+10,SETMP+11,SETMP+13,SETMP+15,OAD+2,OAD+3,OAD+4,OAD+5,OAD+6,OAD+7,OAD+8,OAD+9
                OAD+10,OAD+12,OAD+15,OAD+16,OAD+17,OAD+18,OAD+19,OAD+20,OAD+21,OAD+22,OAD+23,OAD+25,OAD+28,OAD+29,OAD+30,OAD+31
                OAD+32,OAD+33,OAD+34,OAD+35,OAD+36,OAD+38,OAD+41,OAD+42,OAD+43,OAD+44,OAD+45,OAD+46,OAD+47,OAD+48,OAD+49,OAD+51
                OAD+54
                OAD+55,OAD+57,OAD+59,OAD+62,OAD+63,OAD+65,OAD+67,IBB2+5,IBB2+8,IBB2+11,IBB2+14,IBB2+17,SD30+8,SD30+10,SD30+13
                SD30+19,SD30+21,SD30+23,SD30+25,SD30+27,SD30+29,SD30+31,REC+10,REC+12,STNARR+3,DGS+3,BAL+1
   ADD          GETPAT+18
   APT          GETPAT+18
   BAL          GETPAT+18
   DEM          GETPAT+18
   DGS          GETPAT+18
   ELIG         GETPAT+18
   ENR          GETPAT+18
   GETDATA      GETDATA2+18
   GETPAT       GETDATA+18,GETDATA2+29
   IBB          GETPAT+18
   IBB2         IBB2+18
   OAD          GETPAT+18
   QUIT         GETCLN+12,GETCLN+21
   REC          GETPAT+18
   SD20         SD30+1
   SD30         SD30+32
   SENLOG       GETPAT+18
   SETMP        ADD+4
   SETPERM      ADD+2,ADD+3,SETMP+17
   STNARR       REC+13
   WR           GETCLN+12,GETCLN+18,GETCLN+19,GETCLN+20,GETCLN+21,GETDATA+13,GETDATA+15,GETDATA+17,GETPAT+15,GETPAT+17,DEM+2,DEM+3
                DEM+4,DEM+5,DEM+6,DEM+7,DEM+11,DEM+15,SENLOG+6,WRSEN+1,ELIG+3,ELIG+4,ELIG+5,ELIG+6,ENR+3,SETPERM+1,SETPERM+2
                SETPERM+3
                SETPERM+4,SETPERM+5,SETPERM+6,SETPERM+7,SETPERM+8,SETPERM+9,SETPERM+11,SETPERM+13,SETPERM+15,SETPERM+17,SETPERM+19
                SETPERM+21,SETMP+1,SETMP+2,SETMP+3,SETMP+4,SETMP+5,SETMP+6,SETMP+7,SETMP+8,SETMP+9,SETMP+10,SETMP+11,SETMP+13
                SETMP+15
                OAD+2,OAD+3,OAD+4,OAD+5,OAD+6,OAD+7,OAD+8,OAD+9,OAD+10,OAD+12,OAD+15,OAD+16,OAD+17,OAD+18,OAD+19,OAD+20,OAD+21
                OAD+22,OAD+23,OAD+25,OAD+28,OAD+29,OAD+30,OAD+31,OAD+32,OAD+33,OAD+34,OAD+35,OAD+36,OAD+38,OAD+41,OAD+42,OAD+43
                OAD+44,OAD+45
                OAD+46,OAD+47,OAD+48,OAD+49,OAD+51,OAD+54,OAD+55,OAD+57,OAD+59,OAD+62,OAD+63,OAD+65,OAD+67,IBB2+5,IBB2+8,IBB2+11
                IBB2+14,IBB2+17,SD30+8,SD30+10,SD30+13,SD30+19,SD30+21,SD30+23,SD30+25,SD30+27,SD30+29,SD30+31,REC+10,REC+12
                STNARR+3
                DGS+3,BAL+1
   WRSEN        SENLOG+3,SENLOG+4,SENLOG+10,SENLOG+12

External References
   $$GETACT^DGPFAPI    REC+2
   NOTICE^DGSEC4       SENLOG+7
   PTSEC^DGSEC4        SENLOG+2
   FIELD^DID           SET+2
   $$GET1^DIQ          GETCLN+20,ELIG+2,ENR+2,SETPERM+10,SETPERM+12,SETPERM+14,SETPERM+16,SETPERM+18,SETPERM+20,SETMP+12,SETMP+14
                       OAD+11,OAD+24,OAD+37,OAD+50,OAD+58,OAD+64,OAD+66,SD30+12
   RPCVIC^DPTLK        GETDATA2+23
   $$INSUR^IBBAPI      IBB+2
   $$GETDFN^MPIF001    GETDATA2+26
   $$GETICN^MPIF001    GETPAT+16
   $$BALANCE^PRCAHV    BAL+1
   $$SDAPI^SDAMA301    APT+6
   ADD^VADPT           ADD+1,SETMP+16
   DEM^VADPT           DEM+1
   ELIG^VADPT          ELIG+1
   OAD^VADPT           OAD+1,OAD+14,OAD+27,OAD+40,OAD+53,OAD+61
   OPD^VADPT           OAD+56
   $$DT^XLFDT          GETPAT+13
   $$UP^XLFSTR         GETCLN+13

*****   END   *****


*****   INDEX OF VPSRPC2   *****


Local Variables      Line Occurrences   ( >> not killed explicitly)
                                        ( * Changed  ! Killed  ~ Newed)
   ARRAY1       TABLE~
   ARRAY1(      TABLE+15*
   ARRAY2       TABLE~
   ARRAY2(      TABLE+15*,TABLE+16*
   DATA         FILE~,FILE+8,FILE+10,FILE+11,FILERACE~,FILERACE+8,FILERACE+10,FILERACE+11,FILERACE+14,FILERACE+16,FILERACE+17
                FILERACE+19,FILERACE+21,FILERACE+22
   DDEFS        DDVAL~
   DDEFS(       DDVAL+10
   DDFIELD      EDIT+19~,EDIT+38*,EDIT+39
   DDFLD        DDVAL+7~,DDVAL+9*,DDVAL+10
   DDFLDS       EDIT+19~,EDIT+27,EDIT+28
   DDFLDS(      EDIT+39
   ENAM         ECONT+18~,EMER*,EMER+1,EMER+4*,EMER+5
   ERRNUM       ERROR+5~,ERROR+7*,ERROR+8*
   ERRSTR       ERROR+6!
   ERRSTR(      ERROR+9*,ERROR+10*,ERROR+12
   ERRTXT       ERROR+5~,ERROR+8*,ERROR+9,ERROR+10
   FIELD        EDIT+19~,EDIT+39*,EDIT+40,EDIT+41
   FIL          FILE~,FILE+8,FILERACE~,FILERACE+12,FILERACE+13,FILERACE+19
   FILE         EDIT+19~,EDIT+39*,EDIT+40,EDIT+41
   FLD          FILE~,FILE+8,FILERACE~,FILERACE+13,FILERACE+19
   ILST         DDVAL~,SPVAL~,ECONT~
   ILST(        DDVAL+8,DDVAL+9,DDVAL+10!,SPVAL+29,SPVAL+30!,NOK+2,NOK+3!,NOK+7,NOK+8!,EMER+2,EMER+3!,EMER+7,EMER+8!
   INTARRY      TABLE+11~
   INTARRY(     TABLE+13*,TABLE+16
   LINE         TABLE+11~,TABLE+14*
   LN           TABLE+11~,TABLE+14*
   MARITAL      SPVAL+21~,SPVAL+22*,SPVAL+23,SPVAL+25*,SPVAL+26,SPVAL+29
   N            FILE~,FILE+10,FILE+11,FILE+12,FILERACE~,FILERACE+8,FILERACE+11,FILERACE+14,FILERACE+16,FILERACE+17,FILERACE+21
                FILERACE+22,FILERACE+23,ERROR~,ERROR+9,ERROR+10,ERROR+12
   NOK          ECONT+18~,NOK*,NOK+1,NOK+4*,NOK+5
   NUM          SPVAL+21~,SPVAL+28*,SPVAL+29,ECONT+18~,NOK+6*,NOK+7,EMER+6*,EMER+7
   PIEN         FILE+6~,FILERACE+6~,FILERACE+9*,FILERACE+12*,FILERACE+13
   PTIEN        FILE~,FILE+8,FILERACE~,FILERACE+12,FILERACE+13,FILERACE+19,SPVAL~,SPVAL+25,ECONT~,NOK,NOK+2,NOK+4,EMER,EMER+2
                EMER+4
   QUIT         SPVAL+21~,SPVAL+23*,SPVAL+24,SPVAL+26*,SPVAL+27
   REC          DDVAL~,DDVAL+10*,SPVAL~,SPVAL+29*,ECONT~,NOK+2*,NOK+7*,EMER+2*,EMER+7*,TABLE+11~,TABLE+12*,TABLE+13*
   REQFLDS      EDIT+19~,EDIT+27,EDIT+29,EDIT+30,EDIT+31
   REQLST       SPVAL~,ECONT~
   REQLST(      SPVAL+22,SPVAL+28,SPVAL+29,NOK+1,NOK+2,NOK+6,NOK+7,EMER+1,EMER+2,EMER+6,EMER+7
   RES          FILE+7!,FILERACE+7!
   RES(         FILE+10*,FILE+11*,FILE+12,FILERACE+8,FILERACE+11*,FILERACE+14*,FILERACE+16*,FILERACE+17*,FILERACE+21*,FILERACE+22*
                FILERACE+23
   RESULT       EDIT~,EDIT+24!,EDIT+28,EDIT+29,EDIT+30,EDIT+31
   RESULT(      EDIT+37*,EDIT+40*,EDIT+41*
   RESULT(0     EDIT+21*,EDIT+22*,EDIT+23*,EDIT+26*
   RIEN         FILE+6~,FILERACE+6~,FILERACE+9*,FILERACE+12*
   RN           EDIT+19~,EDIT+25*,EDIT+28,EDIT+29,EDIT+30,EDIT+31,EDIT+36*,EDIT+37,EDIT+40,EDIT+41
   STRING       ERROR~,ERROR+9,ERROR+10,TABLE+11~,TABLE+14*,TABLE+15,TABLE+16
   U            EDIT+37,EDIT+38,EDIT+39,FILE+8,FILERACE+8,FILERACE+10,FILERACE+19,DDVAL+9,SPVAL+22,SPVAL+28,SPVAL+29,NOK+1,NOK+2
                NOK+6,NOK+7,EMER+1,EMER+2,EMER+6,EMER+7,TABLE+13,TABLE+15,TABLE+16
   VALUE        FILE+6~,FILERACE+6~,FILERACE+10*,FILERACE+11,FILERACE+13
   VERR         ERROR~,ERROR+11!
   VERR("DIERR" ERROR+8
   VLST         TABLE~
   VLST(        TABLE+13
   VPSDFN       EDIT~,EDIT+21,EDIT+22,EDIT+26,EDIT+29,EDIT+30,EDIT+31,EDIT+40,EDIT+41,EDIT+42
   VPSERR       EDIT+20~,FILE+10,FILE+11,FILERACE+16,FILERACE+17,FILERACE+21,FILERACE+22
   VPSFDA       EDIT+20~,FILE+6~,FILE+9!,FILERACE+6~,FILERACE+14,FILERACE+15!,FILERACE+20!
   VPSFDA(      FILE+8*,FILERACE+13*,FILERACE+19*
   VPSLST       EDIT~,EDIT+23,EDIT+27,EDIT+28,EDIT+29,EDIT+30,EDIT+31
   VPSLST(      EDIT+35,EDIT+37,EDIT+38,EDIT+40,EDIT+41
   VRES         DDVAL~,SPVAL~,ECONT~
   VRES(        DDVAL+10*,SPVAL+29*,NOK+2*,NOK+7*,EMER+2*,EMER+7*
   X1           EDIT+19~,EDIT+35*,EDIT+37,EDIT+38,EDIT+40,EDIT+41
   X2           DDVAL+7~,DDVAL+8*,DDVAL+9,DDVAL+10,SPVAL+21~,SPVAL+29*,SPVAL+30,ECONT+18~,NOK+2*,NOK+3,NOK+7*,NOK+8,EMER+2*,EMER+3
                EMER+7*,EMER+8

Global Variables  ( * Changed  ! Killed)
   ^DPT(               EDIT+22,EDIT+26,EDIT+42,FILERACE+12

Naked Globals
   NONE

Cache Objects
   NONE

Marked Items
   $T(FIELDLST+LN
                TABLE+14

Label References
   $$ERROR      FILE+11,FILERACE+17,FILERACE+22
   $$FILE       EDIT+41,NOK+2,EMER+2
   $$FILERACE   EDIT+40
   DDVAL        EDIT+28
   ECONT        EDIT+31
   SPVAL        EDIT+30
   TABLE        EDIT+27

External References
   FILE^DIE            FILE+9,FILERACE+15
   UPDATE^DIE          FILERACE+20
   $$GET1^DIQ          FILERACE+13,SPVAL+25,NOK,NOK+4,EMER,EMER+4
   ADDRVAL^VPSRPC21    EDIT+29

*****   END   *****


*****   INDEX OF VPSRPC21   *****


Local Variables      Line Occurrences   ( >> not killed explicitly)
                                        ( * Changed  ! Killed  ~ Newed)
   CITY         PERMVAL+34~*,PERMVAL+37,GETZIP~,GETZIP+18,GETZIP+22
   COUNTRY      PERMVAL+18~*,PERMVAL+19,PERMVAL+21,TEMPVAL+18~*,TEMPVAL+19,TEMPVAL+20,TEMPVAL+23
   COUNTY       PERMVAL+36~*,PERMVAL+37,GETZIP~,GETZIP+22
   EFLG         PERMVAL+37~*,PERMVAL+38,PERMVAL+39,PERMVAL+40
   ER           ADDRVAL+9~,ADDRVAL+11,ADDRVAL+12,ADDRVAL+16,ADDRVAL+17,PERMVAL~,PERMVAL+11!,PERMVAL+20,PERMVAL+42,ADDERR~,TEMPVAL~
                TEMPVAL+11!,TEMPVAL+24,TEMPVAL+25,TEMPVAL+26,USVAL~,NONUSVAL~
   ER(          ADDERR+8,USVAL+12*,NONUSVAL+12*
   ER(1         PERMVAL+19*,PERMVAL+30*,PERMVAL+38*,PERMVAL+39*,TEMPVAL+19*
   FLD          PERMVAL+14~*,UPDZIP+12~,UPDZIP+13*,UPDZIP+14,UPDZIP+17,UPDZIP+18,CLRPERM+6~,CLRPERM+7*,CLRCCS+6~,CLRCCS+7*,USVAL+9~
                USVAL+10*,USVAL+12,NONUSVAL+9~,NONUSVAL+10*,NONUSVAL+12,CLRTEMP+6~,CLRTEMP+7*
   IDX          GETZIP+18~*,GETZIP+28*,ADDERR+7~*,ADDERR+8*,USVAL+6~*,USVAL+11*,USVAL+12,NONUSVAL+6~*,NONUSVAL+11*,NONUSVAL+12
   ILIST        TEMPVAL~
   ILST         ADDRVAL~,ADDRVAL+11,ADDRVAL+13,ADDRVAL+16,ADDRVAL+18,PERMVAL~,PERMVAL+26,PERMVAL+40,UPDZIP~,CLRPERM~,CLRCCS~
                CLRTEMP~
   ILST(        UPDZIP+18*,CLRPERM+7!,CLRCCS+7!,CLRTEMP+7!
   ILST(""      UPDZIP+16
   NUM          TEMPVAL+14~*
   OK           ADDRVAL+9~,ADDRVAL+11*,ADDRVAL+12,ADDRVAL+13,ADDRVAL+16*,ADDRVAL+17,ADDRVAL+18
   PERM         PERMVAL+13~*,PERMVAL+14*,PERMVAL+15
   PTIEN        ADDRVAL~,ADDRVAL+16,TEMPVAL~,TEMPVAL+29
   REC          ADDRVAL~,ADDRVAL+12,ADDRVAL+17,ADDERR~,ADDERR+8*
   RECNO        UPDZIP+14~*,UPDZIP+15,UPDZIP+16*,UPDZIP+17,UPDZIP+18,CLRPERM+6~,CLRPERM+7*,CLRCCS+6~,CLRCCS+7*,CLRTEMP+6~
                CLRTEMP+7*
   REQLST       ADDRVAL~,ADDRVAL+11,ADDRVAL+13,ADDRVAL+16,ADDRVAL+18,PERMVAL~,PERMVAL+26,PERMVAL+40,UPDZIP~,CLRPERM~,CLRCCS~
                TEMPVAL~,TEMPVAL+24,TEMPVAL+25,USVAL~,NONUSVAL~,CLRTEMP~
   REQLST(      PERMVAL+14,PERMVAL+18,PERMVAL+25,PERMVAL+34,PERMVAL+35,PERMVAL+36,UPDZIP+8*,UPDZIP+9*,UPDZIP+10*,UPDZIP+14
                UPDZIP+17*,UPDZIP+18,CLRPERM+7,CLRCCS+7,TEMPVAL+14,TEMPVAL+18,TEMPVAL+19,USVAL+10,USVAL+12,NONUSVAL+10,NONUSVAL+12
                CLRTEMP+7
   RET          GETZIP+14~*,GETZIP+22*,GETZIP+23*,GETZIP+24*,GETZIP+28*,GETZIP+29*,GETZIP+31
   STATE        PERMVAL+35~*,PERMVAL+37,GETZIP~,GETZIP+22,GETZIP+23,GETZIP+29
   TEMP         TEMPVAL+12~*,TEMPVAL+14*,TEMPVAL+15
   U            PERMVAL+14,PERMVAL+18,PERMVAL+25,PERMVAL+34,PERMVAL+35,PERMVAL+36,UPDZIP+8,UPDZIP+9,UPDZIP+10,UPDZIP+14,UPDZIP+17
                UPDZIP+18,CLRPERM+7,CLRCCS+7,TEMPVAL+14,TEMPVAL+18,TEMPVAL+19,USVAL+10,USVAL+12,NONUSVAL+10,NONUSVAL+12,CLRTEMP+7
   USAADDR      PERMVAL+21~*,PERMVAL+22,TEMPVAL+23~*,TEMPVAL+24,TEMPVAL+25
   VPSFDA       TEMPVAL+29~
   VPSFDA(2     TEMPVAL+29*
   VRES         ADDRVAL~,ADDRVAL+12,ADDRVAL+17,ADDERR~
   VRES(        ADDERR+8*
   XIP          PERMVAL+29~,PERMVAL+30,PERMVAL+31,PERMVAL+37,PERMVAL+40,GETZIP~,GETZIP+18,GETZIP+28,UPDZIP~
   XIP(         GETZIP+18,GETZIP+22,GETZIP+23,GETZIP+28,GETZIP+29,UPDZIP+8,UPDZIP+9,UPDZIP+10
   XIP("ERROR"  PERMVAL+30
   ZIP          PERMVAL+25~*,PERMVAL+26,PERMVAL+27,PERMVAL+29
   ZIPIDX       PERMVAL+37,PERMVAL+40,GETZIP~,GETZIP+15*,GETZIP+18*,GETZIP+21,GETZIP+22,GETZIP+23,GETZIP+27,GETZIP+28*,GETZIP+29
                UPDZIP~,UPDZIP+8,UPDZIP+9,UPDZIP+10

Global Variables  ( * Changed  ! Killed)
   NONE

Naked Globals
   NONE

Cache Objects
   NONE

Marked Items
   NONE

Label References
   $$GETZIP     PERMVAL+37
   $$PERMVAL    ADDRVAL+11
   $$TEMPVAL    ADDRVAL+16
   ADDERR       ADDRVAL+12,ADDRVAL+17
   CLRCCS       PERMVAL+26
   CLRPERM      ADDRVAL+13
   CLRTEMP      ADDRVAL+18
   NONUSVAL     TEMPVAL+25
   UPDZIP       PERMVAL+40
   USVAL        TEMPVAL+24

External References
   FILE^DIE            TEMPVAL+30
   POSTALB^XIPUTIL     PERMVAL+29
   $$UP^XLFSTR         GETZIP+18,GETZIP+23,GETZIP+29

*****   END   *****


*****   INDEX OF VPSRPC3   *****


Local Variables      Line Occurrences   ( >> not killed explicitly)
                                        ( * Changed  ! Killed  ~ Newed)
   ARRAY        BLDCODES~
   ARRAY(       BLDCODES+4*
   CODE         CHKST~,CHKST+8
   DA           PREREG+40!,PREREG+41*,UPDLOG+7~,UPDLOG+13*,UPDLOG+18
   DFN          PREREG~,PREREG+12,PREREG+13,PREREG+14,PREREG+22,PREREG+24,PREREG+29,PREREG+35,UPDLOG~
   DIC          PREREG+35*,UPDLOG+7~,UPDLOG+8*
   DIC("DR"     PREREG+36*
   DIC(0        PREREG+35*,UPDLOG+9*
   DIE          PREREG+40!,PREREG+41*,UPDLOG+7~,UPDLOG+15*,UPDLOG+17!
   DIK          UPDLOG+7~,UPDLOG+14*!
   DIVIEN       UPDLOG~
   DR           PREREG+40!,PREREG+42*,UPDLOG+7~,UPDLOG+16*
   FOUND        CHKST+5~,CHKST+6*,CHKST+8*,CHKST+9
   LINE         BLDCODES+3~,BLDCODES+4*
   LIST         CHKST+5~,CHKST+7
   LIST(        CHKST+8
   LN           BLDCODES+3~,BLDCODES+4*
   LOCK         PREREG+18~,PREREG+19*,PREREG+26*,PREREG+27
   NEW          PREREG+18~,PREREG+19*,PREREG+23*,PREREG+27,PREREG+39
   PDIV         PREREG+18~,PREREG+25*,PREREG+28*,PREREG+29
   PIDX         PREREG+18~,PREREG+19*,PREREG+24*,PREREG+25,PREREG+26,PREREG+39,PREREG+41,PREREG+44
   PIEN         PREREG+18~
   PRESTAT      PREREG~,PREREG+16,PREREG+17,PREREG+29
   RESULT       PREREG~,PREREG+10!,PREREG+12*,PREREG+13*,PREREG+14*,PREREG+16*,PREREG+17*,PREREG+27*,PREREG+45*
   STATUS       UPDLOG~
   STRING       BLDCODES+3~,BLDCODES+4*
   TMSTMP       PREREG+32~*
   U            PREREG+25,BLDCODES+4
   VALID        PREREG+9~,PREREG+17*
   VALUE        CHKST+5~,CHKST+6*,CHKST+8*
   X            PREREG+35*,UPDLOG+7~,UPDLOG+10*
   Y            UPDLOG+7~,UPDLOG+12,UPDLOG+13,UPDLOG+14

Global Variables  ( * Changed  ! Killed)
   ^DGS(41.42          PREREG+22,PREREG+24,PREREG+25,PREREG+26,PREREG+44
   ^DGS(41.43          UPDLOG+14,UPDLOG+18
   ^DPT(               PREREG+14

Naked Globals
   NONE

Cache Objects
   NONE

Marked Items
   $T(CODELST+LNBLDCODES+4

Label References
   $$CHKST      PREREG+17
   BLDCODES     CHKST+7
   UPDLOG       PREREG+29

External References
   FILE^DICN           PREREG+37,UPDLOG+11
   ^DIE                PREREG+43,UPDLOG+17
   ^DIK                UPDLOG+14
   $$PRIM^VASITE       PREREG+28
   $$NOW^XLFDT         PREREG+32,UPDLOG+10

*****   END   *****


*****   INDEX OF VPSRPC4   *****


Local Variables      Line Occurrences   ( >> not killed explicitly)
                                        ( * Changed  ! Killed  ~ Newed)
   %            CHECKIN+8~
   CIEN         CHECKIN~,CHECKIN+10
   CLIN         CHECKIN~,CHECKIN+9,CHECKIN+10,CHECKIN+12
   DFN          CHK+24~,CHK+27*,CHK+28,CHK+33,CHK+36,CHK+37,CHK+39
   DT           CHK+32
   DTM          CHECKIN~,CHECKIN+9,CHECKIN+10,CHECKIN+12
   RESULT       CHK+24~,CHK+38*,CHK+42
   SDATA        CHK+36~*,CHK+37,CHK+39,CHK+40
   SDCIHDL      CHK+36~*,CHK+37,CHK+39,CHK+40
   U            CHK+36
   VERR         CHECKIN+7~,CHECKIN+13,CHECKIN+15!
   VPSAPPT      CHK~,CHK+25,CHK+26
   VPSCIEN      CHK+24~,CHK+33*,CHK+34,CHK+36,CHK+37,CHK+38,CHK+39
   VPSCLIN      CHK+24~,CHK+27*,CHK+30,CHK+33,CHK+36,CHK+37,CHK+38,CHK+39
   VPSDT        CHK+24~,CHK+27*,CHK+29,CHK+31,CHK+32,CHK+33,CHK+36,CHK+37,CHK+38,CHK+39
   VPSFDA       CHECKIN+7~,CHECKIN+15!
   VPSFDA(      CHECKIN+10*
   VPSI         CHK+24~,CHK+26*,CHK+28,CHK+29,CHK+30,CHK+32,CHK+34,CHK+42
   VPSNOW       CHECKIN+8~*,CHECKIN+10
   VPSREC       CHK+24~,CHK+26*,CHK+27,CHK+28,CHK+29,CHK+30,CHK+32,CHK+34,CHK+42
   VPSRES       CHK~
   VPSRES(      CHK+28*,CHK+29*,CHK+30*,CHK+32*,CHK+34*,CHK+42*
   VPSRES(0     CHK+25*
   VPSRET       CHECKIN+7~,CHECKIN+13*,CHECKIN+14*,CHECKIN+16

Global Variables  ( * Changed  ! Killed)
   ^SC(                CHECKIN+9,CHECKIN+12

Naked Globals
   NONE

Cache Objects
   NONE

Marked Items
   NONE

Label References
   $$CHECKIN    CHK+38

External References
   NOW^%DTC            CHECKIN+8
   FILE^DIE            CHECKIN+11
   DT^DILF             CHK+31
   $$FIND^SDAM2        CHK+33
   $$HANDLE^SDAMEVT    CHK+36
   AFTER^SDAMEVT       CHK+39
   BEFORE^SDAMEVT      CHK+37
   EVT^SDAMEVT         CHK+40
   HDLKILL^SDAMEVT     CHK+35,CHK+41

*****   END   *****


*****   INDEX OF VPSRPC5   *****


Local Variables      Line Occurrences   ( >> not killed explicitly)
                                        ( * Changed  ! Killed  ~ Newed)
   CNT          LISTALL+1~*,LISTALL+3,LISTALL+4
   DIR          LISTALL~,LISTALL+2,LISTALL+3
   FROM         LISTALL~,LISTALL+2*,LISTALL+3*,LISTALL+4,LISTALL+8
   FROMIEN      LISTALL+1~*,LISTALL+2*,LISTALL+4*
   I            LAST5+1~,LAST5+2*,LAST5+4*,FULLSSN+1~,FULLSSN+2*,FULLSSN+4*,LISTALL+1~*,LISTALL+3,LISTALL+4,LISTALL+8*
   IEN          LAST5+1~,LAST5+2*,LAST5+3*,LAST5+4,FULLSSN+1~,FULLSSN+2*,FULLSSN+3*,FULLSSN+4,LISTALL+1~,LISTALL+4*,LISTALL+6
                LISTALL+8
   LST          LAST5~,FULLSSN~
   LST(         LAST5+4*,FULLSSN+4*
   ORIDNAME     LISTALL+1~,LISTALL+5*,LISTALL+6*,LISTALL+8
   RETURN       GETSITES~,GETSITES+6!,GETSITES+9*,GETSITES+12,GETSITES+13,GETDFN~,GETDFN+12!,GETDFN+14*,GETDFN+16*,GETDFN+18*
                GETDFN+19*
   RETURN(1     GETSITES+7*,GETSITES+13*
   U            GETSITES+9,GETSITES+10,LAST5+4,FULLSSN+4,LISTALL+2,LISTALL+8
   VPSCNT       GETSITES+11~
   VPSDFN       GETSITES+6!,GETSITES+8,GETSITES+9,GETSITES+10*,GETSITES+12,GETDFN+13~,GETDFN+17*,GETDFN+18,GETDFN+19
   VPSID        GETSITES+11~,LAST5~,LAST5+2,LAST5+3,FULLSSN~,FULLSSN+3
   VPSIEN       GETSITES+11~
   VPSNM        GETSITES+11~
   VPSSN        GETSITES~,GETSITES+7,GETSITES+8,GETDFN~,GETDFN+14,GETDFN+15*,GETDFN+16,GETDFN+17,GETDFN+18
   XREF         LAST5+1~,LAST5+2*,LAST5+3
   Y            LISTALL~
   Y(           LISTALL+8*

Global Variables  ( * Changed  ! Killed)
   ^DPT(               LAST5+3,LAST5+4,FULLSSN+4,LISTALL+6
   ^DPT("B"            LISTALL+2,LISTALL+3,LISTALL+4
   ^DPT("SSN"          GETDFN+17,FULLSSN+3

Naked Globals
   NONE

Cache Objects
   NONE

Marked Items
   NONE

Label References
   GETDFN       GETSITES+8

External References
   $$DOB^DPTLK1        LAST5+4,FULLSSN+4
   $$SSN^DPTLK1        LAST5+4,FULLSSN+4
   TFL^VAFCTFU1        GETSITES+12

*****   END   *****


--- CROSS-REFERENCING ALL ROUTINES ---
   Press return to continue:[H[J[2J[H
*****   Cross Reference of all Routines   *****                                                       Jul 24, 2014@00:57:41 page 2

Local Variables    Routines   ( >> not killed explicitly)
                              ( * Changed  ! Killed  ~ Newed)
   %            VPSRPC4~
   ACTION       VPSRPC1*~
   ARRAY        VPSRPC3~
   ARRAY(       VPSRPC3*
   ARRAY1       VPSRPC2~
   ARRAY1(      VPSRPC2*
   ARRAY2       VPSRPC2~
   ARRAY2(      VPSRPC2*
   CIEN         VPSRPC4~
   CITY         VPSRPC21*~
   CLIN         VPSRPC4~
   CLNAM        VPSRPC1~
   CM           VPSRPC1*~
   CNT          VPSRPC1*~,VPSRPC5*~
   CODE         VPSRPC3~
   COUNTRY      VPSRPC21*~
   COUNTY       VPSRPC21*~
   DA           VPSRPC3*!~
   DATA         VPSRPC2~
   DDEFS        VPSRPC2~
   DDEFS(       VPSRPC2
   DDFIELD      VPSRPC2*~
   DDFLD        VPSRPC2*~
   DDFLDS       VPSRPC2~
   DDFLDS(      VPSRPC2
   DFN          VPSRPC1*~,VPSRPC1,VPSRPC1,VPSRPC1,VPSRPC1,VPSRPC3~,VPSRPC4*~
   DGMSG        VPSRPC1*~
   DGOPT        VPSRPC1*~
   DGRES        VPSRPC1!~
   DGRES(1      VPSRPC1
   DIC          VPSRPC3*~
   DIC("DR"     VPSRPC3*
   DIC(0        VPSRPC3*
   DIE          VPSRPC3*!~
   DIK          VPSRPC3*!~
   DIR          VPSRPC5~
   DIVIEN       VPSRPC3~
   DR           VPSRPC3*!~
   DT           VPSRPC4
   DTM          VPSRPC4~
   EFLG         VPSRPC21*~
   ENAM         VPSRPC2*~
   ER           VPSRPC1*~,VPSRPC21!~
   ER(          VPSRPC21*
   ER(1         VPSRPC21*
   ERRNUM       VPSRPC2*~
   ERRSTR       VPSRPC2!
   ERRSTR(      VPSRPC2*
   ERRTXT       VPSRPC2*~
   FIELD        VPSRPC2*~
   FIL          VPSRPC2~
   FILE         VPSRPC2*~
   FLD          VPSRPC2~,VPSRPC21*~
   FOUND        VPSRPC3*~
   FROM         VPSRPC5*~
   FROMIEN      VPSRPC5*~
   I            VPSRPC1*~,VPSRPC5*~
   ICN          VPSRPC1*~
   IDX          VPSRPC21*~
   IEN          VPSRPC5*~
   ILIST        VPSRPC21~
   ILST         VPSRPC2~,VPSRPC21~
   ILST(        VPSRPC2!,VPSRPC21*!
   ILST(""      VPSRPC21
   INTARRY      VPSRPC2~
   INTARRY(     VPSRPC2*
   LINE         VPSRPC2*~,VPSRPC3*~
   LIST         VPSRPC3~
   LIST(        VPSRPC3
   LN           VPSRPC2*~,VPSRPC3*~
   LOCK         VPSRPC3*~
   LST          VPSRPC5~
   LST(         VPSRPC5*
   MARITAL      VPSRPC2*~
   N            VPSRPC2~
   NARRCNT      VPSRPC1*~
   NEW          VPSRPC3*~
   NOK          VPSRPC2*~
   NPRF         VPSRPC1*~
   NUM          VPSRPC2*~,VPSRPC21*~
   OK           VPSRPC21*~
   ORIDNAME     VPSRPC5*~
   PDIV         VPSRPC3*~
   PERM         VPSRPC21*~
   PIDX         VPSRPC3*~
   PIEN         VPSRPC2*~,VPSRPC3~
   PRESTAT      VPSRPC3~
   PRF          VPSRPC1*~
   PRFFIL       VPSRPC1*~
   PRFLAG       VPSRPC1*~
   PTIEN        VPSRPC2~,VPSRPC21~
   QUIT         VPSRPC2*~
   REC          VPSRPC2*~,VPSRPC21*~
   RECNO        VPSRPC21*~
   REQFLDS      VPSRPC2~
   REQLST       VPSRPC2~,VPSRPC21~
   REQLST(      VPSRPC2,VPSRPC21*
   RES          VPSRPC2!
   RES(         VPSRPC2*
   RESULT       VPSRPC2!~,VPSRPC3*!~,VPSRPC4*~
   RESULT(      VPSRPC2*
   RESULT(0     VPSRPC2*
   RET          VPSRPC21*~
   RETURN       VPSRPC5*!~
   RETURN(1     VPSRPC5*
   RIEN         VPSRPC2*~
   RN           VPSRPC2*~
   SDATA        VPSRPC4*~
   SDCIHDL      VPSRPC4*~
   SSN          VPSRPC1~
   STATE        VPSRPC21*~
   STATUS       VPSRPC3~
   STRING       VPSRPC2*~,VPSRPC3*~
   TEMP         VPSRPC21*~
   TMP          VPSRPC1*~
   TMSTMP       VPSRPC3*~
   TODAY        VPSRPC1*~
   U            VPSRPC1,VPSRPC1,VPSRPC2,VPSRPC21,VPSRPC3,VPSRPC4,VPSRPC5
   USAADDR      VPSRPC21*~
   VACNTRY      VPSRPC1~
   VADM         VPSRPC1!~
   VADM(1       VPSRPC1
   VADM(10      VPSRPC1
   VADM(11      VPSRPC1
   VADM(12      VPSRPC1
   VADM(2       VPSRPC1
   VADM(3       VPSRPC1
   VADM(5       VPSRPC1
   VADM(9       VPSRPC1
   VAEL         VPSRPC1!~
   VAEL(5       VPSRPC1
   VAEL(8       VPSRPC1
   VAEL(9       VPSRPC1
   VAERR        VPSRPC1~
   VALID        VPSRPC3*~
   VALUE        VPSRPC2*~,VPSRPC3*~
   VAOA         VPSRPC1!~
   VAOA("A"     VPSRPC1*
   VAOA(1       VPSRPC1
   VAOA(10      VPSRPC1
   VAOA(11      VPSRPC1
   VAOA(2       VPSRPC1
   VAOA(3       VPSRPC1
   VAOA(4       VPSRPC1
   VAOA(5       VPSRPC1
   VAOA(8       VPSRPC1
   VAOA(9       VPSRPC1
   VAPA         VPSRPC1!~
   VAPA("P"     VPSRPC1*
   VAPA(1       VPSRPC1
   VAPA(10      VPSRPC1
   VAPA(11      VPSRPC1
   VAPA(2       VPSRPC1
   VAPA(25      VPSRPC1
   VAPA(3       VPSRPC1
   VAPA(4       VPSRPC1
   VAPA(5       VPSRPC1
   VAPA(7       VPSRPC1
   VAPA(8       VPSRPC1
   VAPA(9       VPSRPC1
   VAPD         VPSRPC1!~
   VAPD(7       VPSRPC1
   VERR         VPSRPC2!~,VPSRPC4!~
   VERR("DIERR" VPSRPC2
   VLST         VPSRPC2~
   VLST(        VPSRPC2
   VPSAPPT      VPSRPC4~
   VPSAPT       VPSRPC1*~
   VPSARR       VPSRPC1!~
   VPSARR(      VPSRPC1*
   VPSARR(1     VPSRPC1*
   VPSCIEN      VPSRPC4*~
   VPSCL        VPSRPC1*~
   VPSCLIN      VPSRPC4*~
   VPSCLN       VPSRPC1*~
   VPSCNAM      VPSRPC1*~
   VPSCNT       VPSRPC5~
   VPSDA        VPSRPC1~
   VPSDFN       VPSRPC2~,VPSRPC5*!~
   VPSDS        VPSRPC1*~
   VPSDT        VPSRPC1*~,VPSRPC4*~
   VPSERR       VPSRPC2~
   VPSFDA       VPSRPC2!~,VPSRPC21~,VPSRPC4!~
   VPSFDA(      VPSRPC2*,VPSRPC4*
   VPSFDA(2     VPSRPC21*
   VPSFL        VPSRPC1*~,VPSRPC1~
   VPSFLD       VPSRPC1~
   VPSFR        VPSRPC1*~
   VPSI         VPSRPC4*~
   VPSIBB       VPSRPC1!~
   VPSIBB("IBBAPI" 
                VPSRPC1
   VPSIBFLD     VPSRPC1*~
   VPSICN       VPSRPC1*~
   VPSID        VPSRPC5~
   VPSIEN       VPSRPC1*~,VPSRPC5~
   VPSLST       VPSRPC2~
   VPSLST(      VPSRPC2
   VPSNM        VPSRPC5~
   VPSNOW       VPSRPC4*~
   VPSNUM       VPSRPC1~
   VPSOUT       VPSRPC1!~
   VPSOUT("LABEL" 
                VPSRPC1
   VPSREC       VPSRPC1~,VPSRPC4*~
   VPSREC(      VPSRPC1
   VPSRES       VPSRPC4~
   VPSRES(      VPSRPC4*
   VPSRES(0     VPSRPC4*
   VPSRET       VPSRPC4*~
   VPSSD        VPSRPC1!~
   VPSSD("FLDS" VPSRPC1*
   VPSSD(1      VPSRPC1*
   VPSSD(3      VPSRPC1*
   VPSSD(4      VPSRPC1*
   VPSSN        VPSRPC5*~
>> VPSSSN       VPSRPC1*
   VPSTO        VPSRPC1*~
   VPSTYP       VPSRPC1~
   VPSUPNAM     VPSRPC1*~
   VRES         VPSRPC2~,VPSRPC21~
   VRES(        VPSRPC2*,VPSRPC21*
   X            VPSRPC1*~,VPSRPC1*,VPSRPC1*,VPSRPC1*,VPSRPC1*,VPSRPC3*~
   X1           VPSRPC2*~
   X2           VPSRPC2*~
   XIP          VPSRPC21~
   XIP(         VPSRPC21
   XIP("ERROR"  VPSRPC21
   XREF         VPSRPC5*~
   Y            VPSRPC1*~,VPSRPC1*,VPSRPC1*,VPSRPC1*,VPSRPC1*,VPSRPC1*,VPSRPC3~,VPSRPC5~
   Y(           VPSRPC5*
   ZIP          VPSRPC21*~
   ZIPIDX       VPSRPC21*~

Global Variables
   ^DGEN(27.11         VPSRPC1
   ^DGS(               VPSRPC1
   ^DGS(41.42          VPSRPC3
   ^DGS(41.43          VPSRPC3
   ^DPT(               VPSRPC1,VPSRPC2,VPSRPC3,VPSRPC5
   ^DPT("B"            VPSRPC5
   ^DPT("SSN"          VPSRPC1,VPSRPC5
   ^SC(                VPSRPC4
   ^SC("B"             VPSRPC1
   ^TMP($J             VPSRPC1!

Naked Globals
   NONE

Cache Objects
   NONE

Marked Items
   $T(CODELST+LNVPSRPC3
   $T(FIELDLST+LN
                VPSRPC2

Routine             Invokes:
   VPSRPC1      $$GETACT^DGPFAPI,NOTICE^DGSEC4,PTSEC^DGSEC4,FIELD^DID,$$GET1^DIQ,RPCVIC^DPTLK,$$INSUR^IBBAPI,$$GETDFN^MPIF001
                $$GETICN^MPIF001,$$BALANCE^PRCAHV,$$SDAPI^SDAMA301,ADD^VADPT,DEM^VADPT,ELIG^VADPT,OAD^VADPT,OPD^VADPT,$$DT^XLFDT
                $$UP^XLFSTR
   VPSRPC2      FILE^DIE,UPDATE^DIE,$$GET1^DIQ,ADDRVAL^VPSRPC21
   VPSRPC21     FILE^DIE,POSTALB^XIPUTIL,$$UP^XLFSTR
   VPSRPC3      FILE^DICN,DIE,DIK,$$PRIM^VASITE,$$NOW^XLFDT
   VPSRPC4      NOW^%DTC,FILE^DIE,DT^DILF,$$FIND^SDAM2,$$HANDLE^SDAMEVT,AFTER^SDAMEVT,BEFORE^SDAMEVT,EVT^SDAMEVT,HDLKILL^SDAMEVT
   VPSRPC5      $$DOB^DPTLK1,$$SSN^DPTLK1,TFL^VAFCTFU1

Routine             is Invoked by:
   NOW^%DTC            VPSRPC4
   $$GETACT^DGPFAPI    VPSRPC1
   NOTICE^DGSEC4       VPSRPC1
   PTSEC^DGSEC4        VPSRPC1
   FILE^DICN           VPSRPC3
   FIELD^DID           VPSRPC1
   ^DIE                VPSRPC3
   FILE^DIE            VPSRPC2,VPSRPC21,VPSRPC4
   UPDATE^DIE          VPSRPC2
   ^DIK                VPSRPC3
   DT^DILF             VPSRPC4
   $$GET1^DIQ          VPSRPC1,VPSRPC2
   RPCVIC^DPTLK        VPSRPC1
   $$DOB^DPTLK1        VPSRPC5
   $$SSN^DPTLK1        VPSRPC5
   $$INSUR^IBBAPI      VPSRPC1
   $$GETDFN^MPIF001    VPSRPC1
   $$GETICN^MPIF001    VPSRPC1
   $$BALANCE^PRCAHV    VPSRPC1
   $$FIND^SDAM2        VPSRPC4
   $$SDAPI^SDAMA301    VPSRPC1
   $$HANDLE^SDAMEVT    VPSRPC4
   AFTER^SDAMEVT       VPSRPC4
   BEFORE^SDAMEVT      VPSRPC4
   EVT^SDAMEVT         VPSRPC4
   HDLKILL^SDAMEVT     VPSRPC4
   ADD^VADPT           VPSRPC1
   DEM^VADPT           VPSRPC1
   ELIG^VADPT          VPSRPC1
   OAD^VADPT           VPSRPC1
   OPD^VADPT           VPSRPC1
   TFL^VAFCTFU1        VPSRPC5
   $$PRIM^VASITE       VPSRPC3
   ADDRVAL^VPSRPC21    VPSRPC2
   POSTALB^XIPUTIL     VPSRPC21
   $$DT^XLFDT          VPSRPC1
   $$NOW^XLFDT         VPSRPC3
   $$UP^XLFSTR         VPSRPC1,VPSRPC21

*****   END   *****


--- END ---^^^Q
VISTA>H